CRITICAL - 2022-06-12 12:46:14 --> Call to undefined function form_open()
#0 C:\xampp\htdocs\SudriaGonzalo\system\View\View.php(210): include()
#1 C:\xampp\htdocs\SudriaGonzalo\system\View\View.php(213): CodeIgniter\View\View->CodeIgniter\View\{closure}()
#2 C:\xampp\htdocs\SudriaGonzalo\system\Common.php(1089): CodeIgniter\View\View->render('mains/prueba', Array, true)
#3 C:\xampp\htdocs\SudriaGonzalo\app\Controllers\Home.php(94): view('mains/prueba')
#4 C:\xampp\htdocs\SudriaGonzalo\system\CodeIgniter.php(832): App\Controllers\Home->prueba()
#5 C:\xampp\htdocs\SudriaGonzalo\system\CodeIgniter.php(419): CodeIgniter\CodeIgniter->runController(Object(App\Controllers\Home))
#6 C:\xampp\htdocs\SudriaGonzalo\system\CodeIgniter.php(326): CodeIgniter\CodeIgniter->handleRequest(NULL, Object(Config\Cache), false)
#7 C:\xampp\htdocs\SudriaGonzalo\public\index.php(37): CodeIgniter\CodeIgniter->run()
#8 {main}
CRITICAL - 2022-06-12 13:00:50 --> Undefined variable: datos
#0 C:\xampp\htdocs\SudriaGonzalo\app\Views\mains\prueba.php(4): CodeIgniter\Debug\Exceptions->errorHandler(8, 'Undefined varia...', 'C:\\xampp\\htdocs...', 4, Array)
#1 C:\xampp\htdocs\SudriaGonzalo\system\View\View.php(210): include('C:\\xampp\\htdocs...')
#2 C:\xampp\htdocs\SudriaGonzalo\system\View\View.php(213): CodeIgniter\View\View->CodeIgniter\View\{closure}()
#3 C:\xampp\htdocs\SudriaGonzalo\system\Common.php(1089): CodeIgniter\View\View->render('mains/prueba', Array, true)
#4 C:\xampp\htdocs\SudriaGonzalo\app\Controllers\Home.php(94): view('mains/prueba')
#5 C:\xampp\htdocs\SudriaGonzalo\system\CodeIgniter.php(832): App\Controllers\Home->prueba()
#6 C:\xampp\htdocs\SudriaGonzalo\system\CodeIgniter.php(419): CodeIgniter\CodeIgniter->runController(Object(App\Controllers\Home))
#7 C:\xampp\htdocs\SudriaGonzalo\system\CodeIgniter.php(326): CodeIgniter\CodeIgniter->handleRequest(NULL, Object(Config\Cache), false)
#8 C:\xampp\htdocs\SudriaGonzalo\public\index.php(37): CodeIgniter\CodeIgniter->run()
#9 {main}
CRITICAL - 2022-06-12 13:01:19 --> Undefined variable: datos
#0 C:\xampp\htdocs\SudriaGonzalo\app\Views\mains\prueba.php(4): CodeIgniter\Debug\Exceptions->errorHandler(8, 'Undefined varia...', 'C:\\xampp\\htdocs...', 4, Array)
#1 C:\xampp\htdocs\SudriaGonzalo\system\View\View.php(210): include('C:\\xampp\\htdocs...')
#2 C:\xampp\htdocs\SudriaGonzalo\system\View\View.php(213): CodeIgniter\View\View->CodeIgniter\View\{closure}()
#3 C:\xampp\htdocs\SudriaGonzalo\system\Common.php(1089): CodeIgniter\View\View->render('mains/prueba', Array, true)
#4 C:\xampp\htdocs\SudriaGonzalo\app\Controllers\Home.php(99): view('mains/prueba')
#5 C:\xampp\htdocs\SudriaGonzalo\system\CodeIgniter.php(832): App\Controllers\Home->prueba()
#6 C:\xampp\htdocs\SudriaGonzalo\system\CodeIgniter.php(419): CodeIgniter\CodeIgniter->runController(Object(App\Controllers\Home))
#7 C:\xampp\htdocs\SudriaGonzalo\system\CodeIgniter.php(326): CodeIgniter\CodeIgniter->handleRequest(NULL, Object(Config\Cache), false)
#8 C:\xampp\htdocs\SudriaGonzalo\public\index.php(37): CodeIgniter\CodeIgniter->run()
#9 {main}
CRITICAL - 2022-06-12 13:01:21 --> Undefined variable: datos
#0 C:\xampp\htdocs\SudriaGonzalo\app\Views\mains\prueba.php(4): CodeIgniter\Debug\Exceptions->errorHandler(8, 'Undefined varia...', 'C:\\xampp\\htdocs...', 4, Array)
#1 C:\xampp\htdocs\SudriaGonzalo\system\View\View.php(210): include('C:\\xampp\\htdocs...')
#2 C:\xampp\htdocs\SudriaGonzalo\system\View\View.php(213): CodeIgniter\View\View->CodeIgniter\View\{closure}()
#3 C:\xampp\htdocs\SudriaGonzalo\system\Common.php(1089): CodeIgniter\View\View->render('mains/prueba', Array, true)
#4 C:\xampp\htdocs\SudriaGonzalo\app\Controllers\Home.php(99): view('mains/prueba')
#5 C:\xampp\htdocs\SudriaGonzalo\system\CodeIgniter.php(832): App\Controllers\Home->prueba()
#6 C:\xampp\htdocs\SudriaGonzalo\system\CodeIgniter.php(419): CodeIgniter\CodeIgniter->runController(Object(App\Controllers\Home))
#7 C:\xampp\htdocs\SudriaGonzalo\system\CodeIgniter.php(326): CodeIgniter\CodeIgniter->handleRequest(NULL, Object(Config\Cache), false)
#8 C:\xampp\htdocs\SudriaGonzalo\public\index.php(37): CodeIgniter\CodeIgniter->run()
#9 {main}
CRITICAL - 2022-06-12 13:01:23 --> Undefined variable: datos
#0 C:\xampp\htdocs\SudriaGonzalo\app\Views\mains\prueba.php(4): CodeIgniter\Debug\Exceptions->errorHandler(8, 'Undefined varia...', 'C:\\xampp\\htdocs...', 4, Array)
#1 C:\xampp\htdocs\SudriaGonzalo\system\View\View.php(210): include('C:\\xampp\\htdocs...')
#2 C:\xampp\htdocs\SudriaGonzalo\system\View\View.php(213): CodeIgniter\View\View->CodeIgniter\View\{closure}()
#3 C:\xampp\htdocs\SudriaGonzalo\system\Common.php(1089): CodeIgniter\View\View->render('mains/prueba', Array, true)
#4 C:\xampp\htdocs\SudriaGonzalo\app\Controllers\Home.php(99): view('mains/prueba')
#5 C:\xampp\htdocs\SudriaGonzalo\system\CodeIgniter.php(832): App\Controllers\Home->prueba()
#6 C:\xampp\htdocs\SudriaGonzalo\system\CodeIgniter.php(419): CodeIgniter\CodeIgniter->runController(Object(App\Controllers\Home))
#7 C:\xampp\htdocs\SudriaGonzalo\system\CodeIgniter.php(326): CodeIgniter\CodeIgniter->handleRequest(NULL, Object(Config\Cache), false)
#8 C:\xampp\htdocs\SudriaGonzalo\public\index.php(37): CodeIgniter\CodeIgniter->run()
#9 {main}
