CRITICAL - 2022-06-17 16:18:47 --> array_key_exists() expects parameter 2 to be array, null given
#0 C:\xampp\htdocs\SudriaGonzalo\app\Views\mains\prueba.php(18): CodeIgniter\Debug\Exceptions->errorHandler(2, 'array_key_exist...', 'C:\\xampp\\htdocs...', 18, Array)
#1 C:\xampp\htdocs\SudriaGonzalo\system\View\View.php(210): include('C:\\xampp\\htdocs...')
#2 C:\xampp\htdocs\SudriaGonzalo\system\View\View.php(213): CodeIgniter\View\View->CodeIgniter\View\{closure}()
#3 C:\xampp\htdocs\SudriaGonzalo\system\Common.php(1089): CodeIgniter\View\View->render('mains/prueba', Array, true)
#4 C:\xampp\htdocs\SudriaGonzalo\app\Controllers\Home.php(157): view('mains/prueba', Array)
#5 C:\xampp\htdocs\SudriaGonzalo\system\CodeIgniter.php(832): App\Controllers\Home->prueba()
#6 C:\xampp\htdocs\SudriaGonzalo\system\CodeIgniter.php(419): CodeIgniter\CodeIgniter->runController(Object(App\Controllers\Home))
#7 C:\xampp\htdocs\SudriaGonzalo\system\CodeIgniter.php(326): CodeIgniter\CodeIgniter->handleRequest(NULL, Object(Config\Cache), false)
#8 C:\xampp\htdocs\SudriaGonzalo\public\index.php(37): CodeIgniter\CodeIgniter->run()
#9 {main}
CRITICAL - 2022-06-17 16:18:47 --> array_key_exists() expects parameter 2 to be array, null given
#0 C:\xampp\htdocs\SudriaGonzalo\app\Views\mains\prueba.php(18): CodeIgniter\Debug\Exceptions->errorHandler(2, 'array_key_exist...', 'C:\\xampp\\htdocs...', 18, Array)
#1 C:\xampp\htdocs\SudriaGonzalo\system\View\View.php(210): include('C:\\xampp\\htdocs...')
#2 C:\xampp\htdocs\SudriaGonzalo\system\View\View.php(213): CodeIgniter\View\View->CodeIgniter\View\{closure}()
#3 C:\xampp\htdocs\SudriaGonzalo\system\Common.php(1089): CodeIgniter\View\View->render('mains/prueba', Array, true)
#4 C:\xampp\htdocs\SudriaGonzalo\app\Controllers\Home.php(157): view('mains/prueba', Array)
#5 C:\xampp\htdocs\SudriaGonzalo\system\CodeIgniter.php(832): App\Controllers\Home->prueba()
#6 C:\xampp\htdocs\SudriaGonzalo\system\CodeIgniter.php(419): CodeIgniter\CodeIgniter->runController(Object(App\Controllers\Home))
#7 C:\xampp\htdocs\SudriaGonzalo\system\CodeIgniter.php(326): CodeIgniter\CodeIgniter->handleRequest(NULL, Object(Config\Cache), false)
#8 C:\xampp\htdocs\SudriaGonzalo\public\index.php(37): CodeIgniter\CodeIgniter->run()
#9 {main}
CRITICAL - 2022-06-17 16:32:21 --> Invalid file: mains/usuario_deshabilitado.php
#0 C:\xampp\htdocs\SudriaGonzalo\system\View\View.php(198): CodeIgniter\Exceptions\FrameworkException::forInvalidFile('mains/usuario_d...')
#1 C:\xampp\htdocs\SudriaGonzalo\system\Common.php(1089): CodeIgniter\View\View->render('mains/usuario_d...', Array, true)
#2 C:\xampp\htdocs\SudriaGonzalo\app\Controllers\Home.php(163): view('mains/usuario_d...')
#3 C:\xampp\htdocs\SudriaGonzalo\system\CodeIgniter.php(832): App\Controllers\Home->usuario_deshabilitado()
#4 C:\xampp\htdocs\SudriaGonzalo\system\CodeIgniter.php(419): CodeIgniter\CodeIgniter->runController(Object(App\Controllers\Home))
#5 C:\xampp\htdocs\SudriaGonzalo\system\CodeIgniter.php(326): CodeIgniter\CodeIgniter->handleRequest(NULL, Object(Config\Cache), false)
#6 C:\xampp\htdocs\SudriaGonzalo\public\index.php(37): CodeIgniter\CodeIgniter->run()
#7 {main}
