CRITICAL - 2022-06-15 05:55:31 --> Invalid argument supplied for foreach()
#0 C:\xampp\htdocs\SudriaGonzalo\app\Views\mains\prueba.php(14): CodeIgniter\Debug\Exceptions->errorHandler(2, 'Invalid argumen...', 'C:\\xampp\\htdocs...', 14, Array)
#1 C:\xampp\htdocs\SudriaGonzalo\system\View\View.php(210): include('C:\\xampp\\htdocs...')
#2 C:\xampp\htdocs\SudriaGonzalo\system\View\View.php(213): CodeIgniter\View\View->CodeIgniter\View\{closure}()
#3 C:\xampp\htdocs\SudriaGonzalo\system\Common.php(1089): CodeIgniter\View\View->render('mains/prueba', Array, true)
#4 C:\xampp\htdocs\SudriaGonzalo\app\Controllers\Home.php(157): view('mains/prueba', Array)
#5 C:\xampp\htdocs\SudriaGonzalo\system\CodeIgniter.php(832): App\Controllers\Home->prueba()
#6 C:\xampp\htdocs\SudriaGonzalo\system\CodeIgniter.php(419): CodeIgniter\CodeIgniter->runController(Object(App\Controllers\Home))
#7 C:\xampp\htdocs\SudriaGonzalo\system\CodeIgniter.php(326): CodeIgniter\CodeIgniter->handleRequest(NULL, Object(Config\Cache), false)
#8 C:\xampp\htdocs\SudriaGonzalo\public\index.php(37): CodeIgniter\CodeIgniter->run()
#9 {main}
CRITICAL - 2022-06-15 05:56:35 --> Invalid argument supplied for foreach()
#0 C:\xampp\htdocs\SudriaGonzalo\app\Views\mains\prueba.php(14): CodeIgniter\Debug\Exceptions->errorHandler(2, 'Invalid argumen...', 'C:\\xampp\\htdocs...', 14, Array)
#1 C:\xampp\htdocs\SudriaGonzalo\system\View\View.php(210): include('C:\\xampp\\htdocs...')
#2 C:\xampp\htdocs\SudriaGonzalo\system\View\View.php(213): CodeIgniter\View\View->CodeIgniter\View\{closure}()
#3 C:\xampp\htdocs\SudriaGonzalo\system\Common.php(1089): CodeIgniter\View\View->render('mains/prueba', Array, true)
#4 C:\xampp\htdocs\SudriaGonzalo\app\Controllers\Home.php(157): view('mains/prueba', Array)
#5 C:\xampp\htdocs\SudriaGonzalo\system\CodeIgniter.php(832): App\Controllers\Home->prueba()
#6 C:\xampp\htdocs\SudriaGonzalo\system\CodeIgniter.php(419): CodeIgniter\CodeIgniter->runController(Object(App\Controllers\Home))
#7 C:\xampp\htdocs\SudriaGonzalo\system\CodeIgniter.php(326): CodeIgniter\CodeIgniter->handleRequest(NULL, Object(Config\Cache), false)
#8 C:\xampp\htdocs\SudriaGonzalo\public\index.php(37): CodeIgniter\CodeIgniter->run()
#9 {main}
CRITICAL - 2022-06-15 11:29:54 --> Trying to get property 'precio' of non-object
#0 C:\xampp\htdocs\SudriaGonzalo\app\Views\mains\prueba.php(49): CodeIgniter\Debug\Exceptions->errorHandler(8, 'Trying to get p...', 'C:\\xampp\\htdocs...', 49, Array)
#1 C:\xampp\htdocs\SudriaGonzalo\system\View\View.php(210): include('C:\\xampp\\htdocs...')
#2 C:\xampp\htdocs\SudriaGonzalo\system\View\View.php(213): CodeIgniter\View\View->CodeIgniter\View\{closure}()
#3 C:\xampp\htdocs\SudriaGonzalo\system\Common.php(1089): CodeIgniter\View\View->render('mains/prueba', Array, true)
#4 C:\xampp\htdocs\SudriaGonzalo\app\Controllers\Home.php(157): view('mains/prueba', Array)
#5 C:\xampp\htdocs\SudriaGonzalo\system\CodeIgniter.php(832): App\Controllers\Home->prueba()
#6 C:\xampp\htdocs\SudriaGonzalo\system\CodeIgniter.php(419): CodeIgniter\CodeIgniter->runController(Object(App\Controllers\Home))
#7 C:\xampp\htdocs\SudriaGonzalo\system\CodeIgniter.php(326): CodeIgniter\CodeIgniter->handleRequest(NULL, Object(Config\Cache), false)
#8 C:\xampp\htdocs\SudriaGonzalo\public\index.php(37): CodeIgniter\CodeIgniter->run()
#9 {main}
CRITICAL - 2022-06-15 11:31:49 --> Trying to get property 'precio' of non-object
#0 C:\xampp\htdocs\SudriaGonzalo\app\Views\mains\prueba.php(54): CodeIgniter\Debug\Exceptions->errorHandler(8, 'Trying to get p...', 'C:\\xampp\\htdocs...', 54, Array)
#1 C:\xampp\htdocs\SudriaGonzalo\system\View\View.php(210): include('C:\\xampp\\htdocs...')
#2 C:\xampp\htdocs\SudriaGonzalo\system\View\View.php(213): CodeIgniter\View\View->CodeIgniter\View\{closure}()
#3 C:\xampp\htdocs\SudriaGonzalo\system\Common.php(1089): CodeIgniter\View\View->render('mains/prueba', Array, true)
#4 C:\xampp\htdocs\SudriaGonzalo\app\Controllers\Home.php(157): view('mains/prueba', Array)
#5 C:\xampp\htdocs\SudriaGonzalo\system\CodeIgniter.php(832): App\Controllers\Home->prueba()
#6 C:\xampp\htdocs\SudriaGonzalo\system\CodeIgniter.php(419): CodeIgniter\CodeIgniter->runController(Object(App\Controllers\Home))
#7 C:\xampp\htdocs\SudriaGonzalo\system\CodeIgniter.php(326): CodeIgniter\CodeIgniter->handleRequest(NULL, Object(Config\Cache), false)
#8 C:\xampp\htdocs\SudriaGonzalo\public\index.php(37): CodeIgniter\CodeIgniter->run()
#9 {main}
CRITICAL - 2022-06-15 11:32:02 --> Trying to get property 'precio' of non-object
#0 C:\xampp\htdocs\SudriaGonzalo\app\Views\mains\prueba.php(54): CodeIgniter\Debug\Exceptions->errorHandler(8, 'Trying to get p...', 'C:\\xampp\\htdocs...', 54, Array)
#1 C:\xampp\htdocs\SudriaGonzalo\system\View\View.php(210): include('C:\\xampp\\htdocs...')
#2 C:\xampp\htdocs\SudriaGonzalo\system\View\View.php(213): CodeIgniter\View\View->CodeIgniter\View\{closure}()
#3 C:\xampp\htdocs\SudriaGonzalo\system\Common.php(1089): CodeIgniter\View\View->render('mains/prueba', Array, true)
#4 C:\xampp\htdocs\SudriaGonzalo\app\Controllers\Home.php(157): view('mains/prueba', Array)
#5 C:\xampp\htdocs\SudriaGonzalo\system\CodeIgniter.php(832): App\Controllers\Home->prueba()
#6 C:\xampp\htdocs\SudriaGonzalo\system\CodeIgniter.php(419): CodeIgniter\CodeIgniter->runController(Object(App\Controllers\Home))
#7 C:\xampp\htdocs\SudriaGonzalo\system\CodeIgniter.php(326): CodeIgniter\CodeIgniter->handleRequest(NULL, Object(Config\Cache), false)
#8 C:\xampp\htdocs\SudriaGonzalo\public\index.php(37): CodeIgniter\CodeIgniter->run()
#9 {main}
CRITICAL - 2022-06-15 11:36:38 --> Indirect modification of overloaded property CodeIgniter\Session\Session::$carrito has no effect
#0 C:\xampp\htdocs\SudriaGonzalo\app\Controllers\UsuarioController.php(159): CodeIgniter\Debug\Exceptions->errorHandler(8, 'Indirect modifi...', 'C:\\xampp\\htdocs...', 159, Array)
#1 C:\xampp\htdocs\SudriaGonzalo\system\CodeIgniter.php(832): App\Controllers\UsuarioController->agregar_pcarrito('10')
#2 C:\xampp\htdocs\SudriaGonzalo\system\CodeIgniter.php(419): CodeIgniter\CodeIgniter->runController(Object(App\Controllers\UsuarioController))
#3 C:\xampp\htdocs\SudriaGonzalo\system\CodeIgniter.php(326): CodeIgniter\CodeIgniter->handleRequest(NULL, Object(Config\Cache), false)
#4 C:\xampp\htdocs\SudriaGonzalo\public\index.php(37): CodeIgniter\CodeIgniter->run()
#5 {main}
CRITICAL - 2022-06-15 11:52:28 --> Array to string conversion
#0 C:\xampp\htdocs\SudriaGonzalo\app\Controllers\UsuarioController.php(164): CodeIgniter\Debug\Exceptions->errorHandler(8, 'Array to string...', 'C:\\xampp\\htdocs...', 164, Array)
#1 C:\xampp\htdocs\SudriaGonzalo\system\CodeIgniter.php(832): App\Controllers\UsuarioController->agregar_pcarrito('9')
#2 C:\xampp\htdocs\SudriaGonzalo\system\CodeIgniter.php(419): CodeIgniter\CodeIgniter->runController(Object(App\Controllers\UsuarioController))
#3 C:\xampp\htdocs\SudriaGonzalo\system\CodeIgniter.php(326): CodeIgniter\CodeIgniter->handleRequest(NULL, Object(Config\Cache), false)
#4 C:\xampp\htdocs\SudriaGonzalo\public\index.php(37): CodeIgniter\CodeIgniter->run()
#5 {main}
CRITICAL - 2022-06-15 12:01:23 --> Indirect modification of overloaded property CodeIgniter\Session\Session::$carrito has no effect
#0 C:\xampp\htdocs\SudriaGonzalo\app\Controllers\UsuarioController.php(170): CodeIgniter\Debug\Exceptions->errorHandler(8, 'Indirect modifi...', 'C:\\xampp\\htdocs...', 170, Array)
#1 C:\xampp\htdocs\SudriaGonzalo\system\CodeIgniter.php(832): App\Controllers\UsuarioController->agregar_pcarrito('8')
#2 C:\xampp\htdocs\SudriaGonzalo\system\CodeIgniter.php(419): CodeIgniter\CodeIgniter->runController(Object(App\Controllers\UsuarioController))
#3 C:\xampp\htdocs\SudriaGonzalo\system\CodeIgniter.php(326): CodeIgniter\CodeIgniter->handleRequest(NULL, Object(Config\Cache), false)
#4 C:\xampp\htdocs\SudriaGonzalo\public\index.php(37): CodeIgniter\CodeIgniter->run()
#5 {main}
CRITICAL - 2022-06-15 12:03:49 --> Undefined offset: 12
#0 C:\xampp\htdocs\SudriaGonzalo\app\Controllers\UsuarioController.php(170): CodeIgniter\Debug\Exceptions->errorHandler(8, 'Undefined offse...', 'C:\\xampp\\htdocs...', 170, Array)
#1 C:\xampp\htdocs\SudriaGonzalo\system\CodeIgniter.php(832): App\Controllers\UsuarioController->agregar_pcarrito('12')
#2 C:\xampp\htdocs\SudriaGonzalo\system\CodeIgniter.php(419): CodeIgniter\CodeIgniter->runController(Object(App\Controllers\UsuarioController))
#3 C:\xampp\htdocs\SudriaGonzalo\system\CodeIgniter.php(326): CodeIgniter\CodeIgniter->handleRequest(NULL, Object(Config\Cache), false)
#4 C:\xampp\htdocs\SudriaGonzalo\public\index.php(37): CodeIgniter\CodeIgniter->run()
#5 {main}
CRITICAL - 2022-06-15 12:04:22 --> Undefined offset: 12
#0 C:\xampp\htdocs\SudriaGonzalo\app\Controllers\UsuarioController.php(170): CodeIgniter\Debug\Exceptions->errorHandler(8, 'Undefined offse...', 'C:\\xampp\\htdocs...', 170, Array)
#1 C:\xampp\htdocs\SudriaGonzalo\system\CodeIgniter.php(832): App\Controllers\UsuarioController->agregar_pcarrito('12')
#2 C:\xampp\htdocs\SudriaGonzalo\system\CodeIgniter.php(419): CodeIgniter\CodeIgniter->runController(Object(App\Controllers\UsuarioController))
#3 C:\xampp\htdocs\SudriaGonzalo\system\CodeIgniter.php(326): CodeIgniter\CodeIgniter->handleRequest(NULL, Object(Config\Cache), false)
#4 C:\xampp\htdocs\SudriaGonzalo\public\index.php(37): CodeIgniter\CodeIgniter->run()
#5 {main}
CRITICAL - 2022-06-15 12:10:26 --> Indirect modification of overloaded property CodeIgniter\Session\Session::$carrito has no effect
#0 C:\xampp\htdocs\SudriaGonzalo\app\Controllers\UsuarioController.php(166): CodeIgniter\Debug\Exceptions->errorHandler(8, 'Indirect modifi...', 'C:\\xampp\\htdocs...', 166, Array)
#1 C:\xampp\htdocs\SudriaGonzalo\system\CodeIgniter.php(832): App\Controllers\UsuarioController->agregar_pcarrito('12')
#2 C:\xampp\htdocs\SudriaGonzalo\system\CodeIgniter.php(419): CodeIgniter\CodeIgniter->runController(Object(App\Controllers\UsuarioController))
#3 C:\xampp\htdocs\SudriaGonzalo\system\CodeIgniter.php(326): CodeIgniter\CodeIgniter->handleRequest(NULL, Object(Config\Cache), false)
#4 C:\xampp\htdocs\SudriaGonzalo\public\index.php(37): CodeIgniter\CodeIgniter->run()
#5 {main}
CRITICAL - 2022-06-15 12:15:29 --> Array to string conversion
#0 C:\xampp\htdocs\SudriaGonzalo\app\Views\mains\prueba.php(10): CodeIgniter\Debug\Exceptions->errorHandler(8, 'Array to string...', 'C:\\xampp\\htdocs...', 10, Array)
#1 C:\xampp\htdocs\SudriaGonzalo\system\View\View.php(210): include('C:\\xampp\\htdocs...')
#2 C:\xampp\htdocs\SudriaGonzalo\system\View\View.php(213): CodeIgniter\View\View->CodeIgniter\View\{closure}()
#3 C:\xampp\htdocs\SudriaGonzalo\system\Common.php(1089): CodeIgniter\View\View->render('mains/prueba', Array, true)
#4 C:\xampp\htdocs\SudriaGonzalo\app\Controllers\Home.php(157): view('mains/prueba', Array)
#5 C:\xampp\htdocs\SudriaGonzalo\system\CodeIgniter.php(832): App\Controllers\Home->prueba()
#6 C:\xampp\htdocs\SudriaGonzalo\system\CodeIgniter.php(419): CodeIgniter\CodeIgniter->runController(Object(App\Controllers\Home))
#7 C:\xampp\htdocs\SudriaGonzalo\system\CodeIgniter.php(326): CodeIgniter\CodeIgniter->handleRequest(NULL, Object(Config\Cache), false)
#8 C:\xampp\htdocs\SudriaGonzalo\public\index.php(37): CodeIgniter\CodeIgniter->run()
#9 {main}
CRITICAL - 2022-06-15 12:24:50 --> Call to undefined method App\Controllers\UsuarioController::array_search_func()
#0 C:\xampp\htdocs\SudriaGonzalo\system\CodeIgniter.php(832): App\Controllers\UsuarioController->eliminar_pcarrito('12')
#1 C:\xampp\htdocs\SudriaGonzalo\system\CodeIgniter.php(419): CodeIgniter\CodeIgniter->runController(Object(App\Controllers\UsuarioController))
#2 C:\xampp\htdocs\SudriaGonzalo\system\CodeIgniter.php(326): CodeIgniter\CodeIgniter->handleRequest(NULL, Object(Config\Cache), false)
#3 C:\xampp\htdocs\SudriaGonzalo\public\index.php(37): CodeIgniter\CodeIgniter->run()
#4 {main}
CRITICAL - 2022-06-15 12:24:52 --> syntax error, unexpected 'endforeach' (T_ENDFOREACH)
#0 C:\xampp\htdocs\SudriaGonzalo\system\View\View.php(213): CodeIgniter\View\View->CodeIgniter\View\{closure}()
#1 C:\xampp\htdocs\SudriaGonzalo\system\Common.php(1089): CodeIgniter\View\View->render('mains/prueba', Array, true)
#2 C:\xampp\htdocs\SudriaGonzalo\app\Controllers\Home.php(157): view('mains/prueba', Array)
#3 C:\xampp\htdocs\SudriaGonzalo\system\CodeIgniter.php(832): App\Controllers\Home->prueba()
#4 C:\xampp\htdocs\SudriaGonzalo\system\CodeIgniter.php(419): CodeIgniter\CodeIgniter->runController(Object(App\Controllers\Home))
#5 C:\xampp\htdocs\SudriaGonzalo\system\CodeIgniter.php(326): CodeIgniter\CodeIgniter->handleRequest(NULL, Object(Config\Cache), false)
#6 C:\xampp\htdocs\SudriaGonzalo\public\index.php(37): CodeIgniter\CodeIgniter->run()
#7 {main}
CRITICAL - 2022-06-15 12:25:19 --> syntax error, unexpected end of file
#0 C:\xampp\htdocs\SudriaGonzalo\system\View\View.php(213): CodeIgniter\View\View->CodeIgniter\View\{closure}()
#1 C:\xampp\htdocs\SudriaGonzalo\system\Common.php(1089): CodeIgniter\View\View->render('mains/prueba', Array, true)
#2 C:\xampp\htdocs\SudriaGonzalo\app\Controllers\Home.php(157): view('mains/prueba', Array)
#3 C:\xampp\htdocs\SudriaGonzalo\system\CodeIgniter.php(832): App\Controllers\Home->prueba()
#4 C:\xampp\htdocs\SudriaGonzalo\system\CodeIgniter.php(419): CodeIgniter\CodeIgniter->runController(Object(App\Controllers\Home))
#5 C:\xampp\htdocs\SudriaGonzalo\system\CodeIgniter.php(326): CodeIgniter\CodeIgniter->handleRequest(NULL, Object(Config\Cache), false)
#6 C:\xampp\htdocs\SudriaGonzalo\public\index.php(37): CodeIgniter\CodeIgniter->run()
#7 {main}
CRITICAL - 2022-06-15 12:25:38 --> Undefined variable: carrito
#0 C:\xampp\htdocs\SudriaGonzalo\app\Views\mains\prueba.php(56): CodeIgniter\Debug\Exceptions->errorHandler(8, 'Undefined varia...', 'C:\\xampp\\htdocs...', 56, Array)
#1 C:\xampp\htdocs\SudriaGonzalo\system\View\View.php(210): include('C:\\xampp\\htdocs...')
#2 C:\xampp\htdocs\SudriaGonzalo\system\View\View.php(213): CodeIgniter\View\View->CodeIgniter\View\{closure}()
#3 C:\xampp\htdocs\SudriaGonzalo\system\Common.php(1089): CodeIgniter\View\View->render('mains/prueba', Array, true)
#4 C:\xampp\htdocs\SudriaGonzalo\app\Controllers\Home.php(157): view('mains/prueba', Array)
#5 C:\xampp\htdocs\SudriaGonzalo\system\CodeIgniter.php(832): App\Controllers\Home->prueba()
#6 C:\xampp\htdocs\SudriaGonzalo\system\CodeIgniter.php(419): CodeIgniter\CodeIgniter->runController(Object(App\Controllers\Home))
#7 C:\xampp\htdocs\SudriaGonzalo\system\CodeIgniter.php(326): CodeIgniter\CodeIgniter->handleRequest(NULL, Object(Config\Cache), false)
#8 C:\xampp\htdocs\SudriaGonzalo\public\index.php(37): CodeIgniter\CodeIgniter->run()
#9 {main}
CRITICAL - 2022-06-15 12:30:25 --> Undefined variable: elem
#0 C:\xampp\htdocs\SudriaGonzalo\app\Controllers\UsuarioController.php(176): CodeIgniter\Debug\Exceptions->errorHandler(8, 'Undefined varia...', 'C:\\xampp\\htdocs...', 176, Array)
#1 C:\xampp\htdocs\SudriaGonzalo\system\CodeIgniter.php(832): App\Controllers\UsuarioController->eliminar_pcarrito('12')
#2 C:\xampp\htdocs\SudriaGonzalo\system\CodeIgniter.php(419): CodeIgniter\CodeIgniter->runController(Object(App\Controllers\UsuarioController))
#3 C:\xampp\htdocs\SudriaGonzalo\system\CodeIgniter.php(326): CodeIgniter\CodeIgniter->handleRequest(NULL, Object(Config\Cache), false)
#4 C:\xampp\htdocs\SudriaGonzalo\public\index.php(37): CodeIgniter\CodeIgniter->run()
#5 {main}
CRITICAL - 2022-06-15 12:32:24 --> Indirect modification of overloaded property CodeIgniter\Session\Session::$carrito has no effect
#0 C:\xampp\htdocs\SudriaGonzalo\app\Controllers\UsuarioController.php(172): CodeIgniter\Debug\Exceptions->errorHandler(8, 'Indirect modifi...', 'C:\\xampp\\htdocs...', 172, Array)
#1 C:\xampp\htdocs\SudriaGonzalo\system\CodeIgniter.php(832): App\Controllers\UsuarioController->eliminar_pcarrito('12')
#2 C:\xampp\htdocs\SudriaGonzalo\system\CodeIgniter.php(419): CodeIgniter\CodeIgniter->runController(Object(App\Controllers\UsuarioController))
#3 C:\xampp\htdocs\SudriaGonzalo\system\CodeIgniter.php(326): CodeIgniter\CodeIgniter->handleRequest(NULL, Object(Config\Cache), false)
#4 C:\xampp\htdocs\SudriaGonzalo\public\index.php(37): CodeIgniter\CodeIgniter->run()
#5 {main}
CRITICAL - 2022-06-15 12:33:53 --> Indirect modification of overloaded property CodeIgniter\Session\Session::$carrito has no effect
#0 C:\xampp\htdocs\SudriaGonzalo\app\Controllers\UsuarioController.php(172): CodeIgniter\Debug\Exceptions->errorHandler(8, 'Indirect modifi...', 'C:\\xampp\\htdocs...', 172, Array)
#1 C:\xampp\htdocs\SudriaGonzalo\system\CodeIgniter.php(832): App\Controllers\UsuarioController->eliminar_pcarrito('12')
#2 C:\xampp\htdocs\SudriaGonzalo\system\CodeIgniter.php(419): CodeIgniter\CodeIgniter->runController(Object(App\Controllers\UsuarioController))
#3 C:\xampp\htdocs\SudriaGonzalo\system\CodeIgniter.php(326): CodeIgniter\CodeIgniter->handleRequest(NULL, Object(Config\Cache), false)
#4 C:\xampp\htdocs\SudriaGonzalo\public\index.php(37): CodeIgniter\CodeIgniter->run()
#5 {main}
CRITICAL - 2022-06-15 12:33:56 --> Indirect modification of overloaded property CodeIgniter\Session\Session::$carrito has no effect
#0 C:\xampp\htdocs\SudriaGonzalo\app\Controllers\UsuarioController.php(172): CodeIgniter\Debug\Exceptions->errorHandler(8, 'Indirect modifi...', 'C:\\xampp\\htdocs...', 172, Array)
#1 C:\xampp\htdocs\SudriaGonzalo\system\CodeIgniter.php(832): App\Controllers\UsuarioController->eliminar_pcarrito('12')
#2 C:\xampp\htdocs\SudriaGonzalo\system\CodeIgniter.php(419): CodeIgniter\CodeIgniter->runController(Object(App\Controllers\UsuarioController))
#3 C:\xampp\htdocs\SudriaGonzalo\system\CodeIgniter.php(326): CodeIgniter\CodeIgniter->handleRequest(NULL, Object(Config\Cache), false)
#4 C:\xampp\htdocs\SudriaGonzalo\public\index.php(37): CodeIgniter\CodeIgniter->run()
#5 {main}
CRITICAL - 2022-06-15 12:34:43 --> Unsupported operand types
#0 C:\xampp\htdocs\SudriaGonzalo\system\CodeIgniter.php(832): App\Controllers\UsuarioController->eliminar_pcarrito('12')
#1 C:\xampp\htdocs\SudriaGonzalo\system\CodeIgniter.php(419): CodeIgniter\CodeIgniter->runController(Object(App\Controllers\UsuarioController))
#2 C:\xampp\htdocs\SudriaGonzalo\system\CodeIgniter.php(326): CodeIgniter\CodeIgniter->handleRequest(NULL, Object(Config\Cache), false)
#3 C:\xampp\htdocs\SudriaGonzalo\public\index.php(37): CodeIgniter\CodeIgniter->run()
#4 {main}
CRITICAL - 2022-06-15 12:34:48 --> Unsupported operand types
#0 C:\xampp\htdocs\SudriaGonzalo\system\CodeIgniter.php(832): App\Controllers\UsuarioController->eliminar_pcarrito('9')
#1 C:\xampp\htdocs\SudriaGonzalo\system\CodeIgniter.php(419): CodeIgniter\CodeIgniter->runController(Object(App\Controllers\UsuarioController))
#2 C:\xampp\htdocs\SudriaGonzalo\system\CodeIgniter.php(326): CodeIgniter\CodeIgniter->handleRequest(NULL, Object(Config\Cache), false)
#3 C:\xampp\htdocs\SudriaGonzalo\public\index.php(37): CodeIgniter\CodeIgniter->run()
#4 {main}
CRITICAL - 2022-06-15 12:35:34 --> Trying to get property '9' of non-object
#0 C:\xampp\htdocs\SudriaGonzalo\app\Controllers\UsuarioController.php(174): CodeIgniter\Debug\Exceptions->errorHandler(8, 'Trying to get p...', 'C:\\xampp\\htdocs...', 174, Array)
#1 C:\xampp\htdocs\SudriaGonzalo\system\CodeIgniter.php(832): App\Controllers\UsuarioController->eliminar_pcarrito('9')
#2 C:\xampp\htdocs\SudriaGonzalo\system\CodeIgniter.php(419): CodeIgniter\CodeIgniter->runController(Object(App\Controllers\UsuarioController))
#3 C:\xampp\htdocs\SudriaGonzalo\system\CodeIgniter.php(326): CodeIgniter\CodeIgniter->handleRequest(NULL, Object(Config\Cache), false)
#4 C:\xampp\htdocs\SudriaGonzalo\public\index.php(37): CodeIgniter\CodeIgniter->run()
#5 {main}
CRITICAL - 2022-06-15 12:35:57 --> Call to a member function remove() on array
#0 C:\xampp\htdocs\SudriaGonzalo\system\CodeIgniter.php(832): App\Controllers\UsuarioController->eliminar_pcarrito('12')
#1 C:\xampp\htdocs\SudriaGonzalo\system\CodeIgniter.php(419): CodeIgniter\CodeIgniter->runController(Object(App\Controllers\UsuarioController))
#2 C:\xampp\htdocs\SudriaGonzalo\system\CodeIgniter.php(326): CodeIgniter\CodeIgniter->handleRequest(NULL, Object(Config\Cache), false)
#3 C:\xampp\htdocs\SudriaGonzalo\public\index.php(37): CodeIgniter\CodeIgniter->run()
#4 {main}
CRITICAL - 2022-06-15 12:36:59 --> array_keys() expects parameter 1 to be array, null given
#0 [internal function]: CodeIgniter\Debug\Exceptions->errorHandler(2, 'array_keys() ex...', 'C:\\xampp\\htdocs...', 10, Array)
#1 C:\xampp\htdocs\SudriaGonzalo\app\Views\mains\prueba.php(10): array_keys(NULL)
#2 C:\xampp\htdocs\SudriaGonzalo\system\View\View.php(210): include('C:\\xampp\\htdocs...')
#3 C:\xampp\htdocs\SudriaGonzalo\system\View\View.php(213): CodeIgniter\View\View->CodeIgniter\View\{closure}()
#4 C:\xampp\htdocs\SudriaGonzalo\system\Common.php(1089): CodeIgniter\View\View->render('mains/prueba', Array, true)
#5 C:\xampp\htdocs\SudriaGonzalo\app\Controllers\Home.php(157): view('mains/prueba', Array)
#6 C:\xampp\htdocs\SudriaGonzalo\system\CodeIgniter.php(832): App\Controllers\Home->prueba()
#7 C:\xampp\htdocs\SudriaGonzalo\system\CodeIgniter.php(419): CodeIgniter\CodeIgniter->runController(Object(App\Controllers\Home))
#8 C:\xampp\htdocs\SudriaGonzalo\system\CodeIgniter.php(326): CodeIgniter\CodeIgniter->handleRequest(NULL, Object(Config\Cache), false)
#9 C:\xampp\htdocs\SudriaGonzalo\public\index.php(37): CodeIgniter\CodeIgniter->run()
#10 {main}
CRITICAL - 2022-06-15 12:37:02 --> array_keys() expects parameter 1 to be array, null given
#0 [internal function]: CodeIgniter\Debug\Exceptions->errorHandler(2, 'array_keys() ex...', 'C:\\xampp\\htdocs...', 10, Array)
#1 C:\xampp\htdocs\SudriaGonzalo\app\Views\mains\prueba.php(10): array_keys(NULL)
#2 C:\xampp\htdocs\SudriaGonzalo\system\View\View.php(210): include('C:\\xampp\\htdocs...')
#3 C:\xampp\htdocs\SudriaGonzalo\system\View\View.php(213): CodeIgniter\View\View->CodeIgniter\View\{closure}()
#4 C:\xampp\htdocs\SudriaGonzalo\system\Common.php(1089): CodeIgniter\View\View->render('mains/prueba', Array, true)
#5 C:\xampp\htdocs\SudriaGonzalo\app\Controllers\Home.php(157): view('mains/prueba', Array)
#6 C:\xampp\htdocs\SudriaGonzalo\system\CodeIgniter.php(832): App\Controllers\Home->prueba()
#7 C:\xampp\htdocs\SudriaGonzalo\system\CodeIgniter.php(419): CodeIgniter\CodeIgniter->runController(Object(App\Controllers\Home))
#8 C:\xampp\htdocs\SudriaGonzalo\system\CodeIgniter.php(326): CodeIgniter\CodeIgniter->handleRequest(NULL, Object(Config\Cache), false)
#9 C:\xampp\htdocs\SudriaGonzalo\public\index.php(37): CodeIgniter\CodeIgniter->run()
#10 {main}
CRITICAL - 2022-06-15 12:37:12 --> Invalid argument supplied for foreach()
#0 C:\xampp\htdocs\SudriaGonzalo\app\Views\mains\prueba.php(10): CodeIgniter\Debug\Exceptions->errorHandler(2, 'Invalid argumen...', 'C:\\xampp\\htdocs...', 10, Array)
#1 C:\xampp\htdocs\SudriaGonzalo\system\View\View.php(210): include('C:\\xampp\\htdocs...')
#2 C:\xampp\htdocs\SudriaGonzalo\system\View\View.php(213): CodeIgniter\View\View->CodeIgniter\View\{closure}()
#3 C:\xampp\htdocs\SudriaGonzalo\system\Common.php(1089): CodeIgniter\View\View->render('mains/prueba', Array, true)
#4 C:\xampp\htdocs\SudriaGonzalo\app\Controllers\Home.php(157): view('mains/prueba', Array)
#5 C:\xampp\htdocs\SudriaGonzalo\system\CodeIgniter.php(832): App\Controllers\Home->prueba()
#6 C:\xampp\htdocs\SudriaGonzalo\system\CodeIgniter.php(419): CodeIgniter\CodeIgniter->runController(Object(App\Controllers\Home))
#7 C:\xampp\htdocs\SudriaGonzalo\system\CodeIgniter.php(326): CodeIgniter\CodeIgniter->handleRequest(NULL, Object(Config\Cache), false)
#8 C:\xampp\htdocs\SudriaGonzalo\public\index.php(37): CodeIgniter\CodeIgniter->run()
#9 {main}
CRITICAL - 2022-06-15 12:37:23 --> array_keys() expects parameter 1 to be array, null given
#0 [internal function]: CodeIgniter\Debug\Exceptions->errorHandler(2, 'array_keys() ex...', 'C:\\xampp\\htdocs...', 10, Array)
#1 C:\xampp\htdocs\SudriaGonzalo\app\Views\mains\prueba.php(10): array_keys(NULL)
#2 C:\xampp\htdocs\SudriaGonzalo\system\View\View.php(210): include('C:\\xampp\\htdocs...')
#3 C:\xampp\htdocs\SudriaGonzalo\system\View\View.php(213): CodeIgniter\View\View->CodeIgniter\View\{closure}()
#4 C:\xampp\htdocs\SudriaGonzalo\system\Common.php(1089): CodeIgniter\View\View->render('mains/prueba', Array, true)
#5 C:\xampp\htdocs\SudriaGonzalo\app\Controllers\Home.php(157): view('mains/prueba', Array)
#6 C:\xampp\htdocs\SudriaGonzalo\system\CodeIgniter.php(832): App\Controllers\Home->prueba()
#7 C:\xampp\htdocs\SudriaGonzalo\system\CodeIgniter.php(419): CodeIgniter\CodeIgniter->runController(Object(App\Controllers\Home))
#8 C:\xampp\htdocs\SudriaGonzalo\system\CodeIgniter.php(326): CodeIgniter\CodeIgniter->handleRequest(NULL, Object(Config\Cache), false)
#9 C:\xampp\htdocs\SudriaGonzalo\public\index.php(37): CodeIgniter\CodeIgniter->run()
#10 {main}
CRITICAL - 2022-06-15 12:38:02 --> Array to string conversion
#0 C:\xampp\htdocs\SudriaGonzalo\app\Controllers\UsuarioController.php(173): CodeIgniter\Debug\Exceptions->errorHandler(8, 'Array to string...', 'C:\\xampp\\htdocs...', 173, Array)
#1 C:\xampp\htdocs\SudriaGonzalo\system\CodeIgniter.php(832): App\Controllers\UsuarioController->eliminar_pcarrito('8')
#2 C:\xampp\htdocs\SudriaGonzalo\system\CodeIgniter.php(419): CodeIgniter\CodeIgniter->runController(Object(App\Controllers\UsuarioController))
#3 C:\xampp\htdocs\SudriaGonzalo\system\CodeIgniter.php(326): CodeIgniter\CodeIgniter->handleRequest(NULL, Object(Config\Cache), false)
#4 C:\xampp\htdocs\SudriaGonzalo\public\index.php(37): CodeIgniter\CodeIgniter->run()
#5 {main}
CRITICAL - 2022-06-15 12:39:39 --> array_keys() expects parameter 1 to be array, null given
#0 [internal function]: CodeIgniter\Debug\Exceptions->errorHandler(2, 'array_keys() ex...', 'C:\\xampp\\htdocs...', 10, Array)
#1 C:\xampp\htdocs\SudriaGonzalo\app\Views\mains\prueba.php(10): array_keys(NULL)
#2 C:\xampp\htdocs\SudriaGonzalo\system\View\View.php(210): include('C:\\xampp\\htdocs...')
#3 C:\xampp\htdocs\SudriaGonzalo\system\View\View.php(213): CodeIgniter\View\View->CodeIgniter\View\{closure}()
#4 C:\xampp\htdocs\SudriaGonzalo\system\Common.php(1089): CodeIgniter\View\View->render('mains/prueba', Array, true)
#5 C:\xampp\htdocs\SudriaGonzalo\app\Controllers\Home.php(157): view('mains/prueba', Array)
#6 C:\xampp\htdocs\SudriaGonzalo\system\CodeIgniter.php(832): App\Controllers\Home->prueba()
#7 C:\xampp\htdocs\SudriaGonzalo\system\CodeIgniter.php(419): CodeIgniter\CodeIgniter->runController(Object(App\Controllers\Home))
#8 C:\xampp\htdocs\SudriaGonzalo\system\CodeIgniter.php(326): CodeIgniter\CodeIgniter->handleRequest(NULL, Object(Config\Cache), false)
#9 C:\xampp\htdocs\SudriaGonzalo\public\index.php(37): CodeIgniter\CodeIgniter->run()
#10 {main}
CRITICAL - 2022-06-15 12:41:02 --> array_keys() expects parameter 1 to be array, null given
#0 [internal function]: CodeIgniter\Debug\Exceptions->errorHandler(2, 'array_keys() ex...', 'C:\\xampp\\htdocs...', 10, Array)
#1 C:\xampp\htdocs\SudriaGonzalo\app\Views\mains\prueba.php(10): array_keys(NULL)
#2 C:\xampp\htdocs\SudriaGonzalo\system\View\View.php(210): include('C:\\xampp\\htdocs...')
#3 C:\xampp\htdocs\SudriaGonzalo\system\View\View.php(213): CodeIgniter\View\View->CodeIgniter\View\{closure}()
#4 C:\xampp\htdocs\SudriaGonzalo\system\Common.php(1089): CodeIgniter\View\View->render('mains/prueba', Array, true)
#5 C:\xampp\htdocs\SudriaGonzalo\app\Controllers\Home.php(157): view('mains/prueba', Array)
#6 C:\xampp\htdocs\SudriaGonzalo\system\CodeIgniter.php(832): App\Controllers\Home->prueba()
#7 C:\xampp\htdocs\SudriaGonzalo\system\CodeIgniter.php(419): CodeIgniter\CodeIgniter->runController(Object(App\Controllers\Home))
#8 C:\xampp\htdocs\SudriaGonzalo\system\CodeIgniter.php(326): CodeIgniter\CodeIgniter->handleRequest(NULL, Object(Config\Cache), false)
#9 C:\xampp\htdocs\SudriaGonzalo\public\index.php(37): CodeIgniter\CodeIgniter->run()
#10 {main}
CRITICAL - 2022-06-15 12:42:09 --> Indirect modification of overloaded property CodeIgniter\Session\Session::$carrito has no effect
#0 C:\xampp\htdocs\SudriaGonzalo\app\Controllers\UsuarioController.php(172): CodeIgniter\Debug\Exceptions->errorHandler(8, 'Indirect modifi...', 'C:\\xampp\\htdocs...', 172, Array)
#1 C:\xampp\htdocs\SudriaGonzalo\system\CodeIgniter.php(832): App\Controllers\UsuarioController->eliminar_pcarrito('9')
#2 C:\xampp\htdocs\SudriaGonzalo\system\CodeIgniter.php(419): CodeIgniter\CodeIgniter->runController(Object(App\Controllers\UsuarioController))
#3 C:\xampp\htdocs\SudriaGonzalo\system\CodeIgniter.php(326): CodeIgniter\CodeIgniter->handleRequest(NULL, Object(Config\Cache), false)
#4 C:\xampp\htdocs\SudriaGonzalo\public\index.php(37): CodeIgniter\CodeIgniter->run()
#5 {main}
CRITICAL - 2022-06-15 12:55:10 --> Indirect modification of overloaded property CodeIgniter\Session\Session::$carrito has no effect
#0 C:\xampp\htdocs\SudriaGonzalo\app\Controllers\UsuarioController.php(173): CodeIgniter\Debug\Exceptions->errorHandler(8, 'Indirect modifi...', 'C:\\xampp\\htdocs...', 173, Array)
#1 C:\xampp\htdocs\SudriaGonzalo\system\CodeIgniter.php(832): App\Controllers\UsuarioController->eliminar_pcarrito('9')
#2 C:\xampp\htdocs\SudriaGonzalo\system\CodeIgniter.php(419): CodeIgniter\CodeIgniter->runController(Object(App\Controllers\UsuarioController))
#3 C:\xampp\htdocs\SudriaGonzalo\system\CodeIgniter.php(326): CodeIgniter\CodeIgniter->handleRequest(NULL, Object(Config\Cache), false)
#4 C:\xampp\htdocs\SudriaGonzalo\public\index.php(37): CodeIgniter\CodeIgniter->run()
#5 {main}
CRITICAL - 2022-06-15 12:55:15 --> Indirect modification of overloaded property CodeIgniter\Session\Session::$carrito has no effect
#0 C:\xampp\htdocs\SudriaGonzalo\app\Controllers\UsuarioController.php(173): CodeIgniter\Debug\Exceptions->errorHandler(8, 'Indirect modifi...', 'C:\\xampp\\htdocs...', 173, Array)
#1 C:\xampp\htdocs\SudriaGonzalo\system\CodeIgniter.php(832): App\Controllers\UsuarioController->eliminar_pcarrito('9')
#2 C:\xampp\htdocs\SudriaGonzalo\system\CodeIgniter.php(419): CodeIgniter\CodeIgniter->runController(Object(App\Controllers\UsuarioController))
#3 C:\xampp\htdocs\SudriaGonzalo\system\CodeIgniter.php(326): CodeIgniter\CodeIgniter->handleRequest(NULL, Object(Config\Cache), false)
#4 C:\xampp\htdocs\SudriaGonzalo\public\index.php(37): CodeIgniter\CodeIgniter->run()
#5 {main}
CRITICAL - 2022-06-15 13:03:13 --> Indirect modification of overloaded property CodeIgniter\Session\Session::$carrito has no effect
#0 C:\xampp\htdocs\SudriaGonzalo\app\Controllers\UsuarioController.php(173): CodeIgniter\Debug\Exceptions->errorHandler(8, 'Indirect modifi...', 'C:\\xampp\\htdocs...', 173, Array)
#1 C:\xampp\htdocs\SudriaGonzalo\system\CodeIgniter.php(832): App\Controllers\UsuarioController->eliminar_pcarrito('9')
#2 C:\xampp\htdocs\SudriaGonzalo\system\CodeIgniter.php(419): CodeIgniter\CodeIgniter->runController(Object(App\Controllers\UsuarioController))
#3 C:\xampp\htdocs\SudriaGonzalo\system\CodeIgniter.php(326): CodeIgniter\CodeIgniter->handleRequest(NULL, Object(Config\Cache), false)
#4 C:\xampp\htdocs\SudriaGonzalo\public\index.php(37): CodeIgniter\CodeIgniter->run()
#5 {main}
CRITICAL - 2022-06-15 13:03:38 --> Unsupported operand types
#0 C:\xampp\htdocs\SudriaGonzalo\system\CodeIgniter.php(832): App\Controllers\UsuarioController->eliminar_pcarrito('9')
#1 C:\xampp\htdocs\SudriaGonzalo\system\CodeIgniter.php(419): CodeIgniter\CodeIgniter->runController(Object(App\Controllers\UsuarioController))
#2 C:\xampp\htdocs\SudriaGonzalo\system\CodeIgniter.php(326): CodeIgniter\CodeIgniter->handleRequest(NULL, Object(Config\Cache), false)
#3 C:\xampp\htdocs\SudriaGonzalo\public\index.php(37): CodeIgniter\CodeIgniter->run()
#4 {main}
CRITICAL - 2022-06-15 13:04:08 --> Call to a member function remove() on array
#0 C:\xampp\htdocs\SudriaGonzalo\system\CodeIgniter.php(832): App\Controllers\UsuarioController->eliminar_pcarrito('9')
#1 C:\xampp\htdocs\SudriaGonzalo\system\CodeIgniter.php(419): CodeIgniter\CodeIgniter->runController(Object(App\Controllers\UsuarioController))
#2 C:\xampp\htdocs\SudriaGonzalo\system\CodeIgniter.php(326): CodeIgniter\CodeIgniter->handleRequest(NULL, Object(Config\Cache), false)
#3 C:\xampp\htdocs\SudriaGonzalo\public\index.php(37): CodeIgniter\CodeIgniter->run()
#4 {main}
CRITICAL - 2022-06-15 13:04:21 --> Call to a member function remove() on array
#0 C:\xampp\htdocs\SudriaGonzalo\system\CodeIgniter.php(832): App\Controllers\UsuarioController->eliminar_pcarrito('9')
#1 C:\xampp\htdocs\SudriaGonzalo\system\CodeIgniter.php(419): CodeIgniter\CodeIgniter->runController(Object(App\Controllers\UsuarioController))
#2 C:\xampp\htdocs\SudriaGonzalo\system\CodeIgniter.php(326): CodeIgniter\CodeIgniter->handleRequest(NULL, Object(Config\Cache), false)
#3 C:\xampp\htdocs\SudriaGonzalo\public\index.php(37): CodeIgniter\CodeIgniter->run()
#4 {main}
CRITICAL - 2022-06-15 13:06:01 --> Indirect modification of overloaded property CodeIgniter\Session\Session::$carrito has no effect
#0 C:\xampp\htdocs\SudriaGonzalo\app\Controllers\UsuarioController.php(173): CodeIgniter\Debug\Exceptions->errorHandler(8, 'Indirect modifi...', 'C:\\xampp\\htdocs...', 173, Array)
#1 C:\xampp\htdocs\SudriaGonzalo\system\CodeIgniter.php(832): App\Controllers\UsuarioController->eliminar_pcarrito('9')
#2 C:\xampp\htdocs\SudriaGonzalo\system\CodeIgniter.php(419): CodeIgniter\CodeIgniter->runController(Object(App\Controllers\UsuarioController))
#3 C:\xampp\htdocs\SudriaGonzalo\system\CodeIgniter.php(326): CodeIgniter\CodeIgniter->handleRequest(NULL, Object(Config\Cache), false)
#4 C:\xampp\htdocs\SudriaGonzalo\public\index.php(37): CodeIgniter\CodeIgniter->run()
#5 {main}
CRITICAL - 2022-06-15 13:09:17 --> Indirect modification of overloaded property CodeIgniter\Session\Session::$carrito has no effect
#0 C:\xampp\htdocs\SudriaGonzalo\app\Controllers\UsuarioController.php(173): CodeIgniter\Debug\Exceptions->errorHandler(8, 'Indirect modifi...', 'C:\\xampp\\htdocs...', 173, Array)
#1 C:\xampp\htdocs\SudriaGonzalo\system\CodeIgniter.php(832): App\Controllers\UsuarioController->eliminar_pcarrito('9')
#2 C:\xampp\htdocs\SudriaGonzalo\system\CodeIgniter.php(419): CodeIgniter\CodeIgniter->runController(Object(App\Controllers\UsuarioController))
#3 C:\xampp\htdocs\SudriaGonzalo\system\CodeIgniter.php(326): CodeIgniter\CodeIgniter->handleRequest(NULL, Object(Config\Cache), false)
#4 C:\xampp\htdocs\SudriaGonzalo\public\index.php(37): CodeIgniter\CodeIgniter->run()
#5 {main}
CRITICAL - 2022-06-15 13:09:44 --> Indirect modification of overloaded property CodeIgniter\Session\Session::$carrito has no effect
#0 C:\xampp\htdocs\SudriaGonzalo\app\Controllers\UsuarioController.php(173): CodeIgniter\Debug\Exceptions->errorHandler(8, 'Indirect modifi...', 'C:\\xampp\\htdocs...', 173, Array)
#1 C:\xampp\htdocs\SudriaGonzalo\system\CodeIgniter.php(832): App\Controllers\UsuarioController->eliminar_pcarrito('9')
#2 C:\xampp\htdocs\SudriaGonzalo\system\CodeIgniter.php(419): CodeIgniter\CodeIgniter->runController(Object(App\Controllers\UsuarioController))
#3 C:\xampp\htdocs\SudriaGonzalo\system\CodeIgniter.php(326): CodeIgniter\CodeIgniter->handleRequest(NULL, Object(Config\Cache), false)
#4 C:\xampp\htdocs\SudriaGonzalo\public\index.php(37): CodeIgniter\CodeIgniter->run()
#5 {main}
CRITICAL - 2022-06-15 14:40:48 --> syntax error, unexpected '"' (T_CONSTANT_ENCAPSED_STRING)
#0 C:\xampp\htdocs\SudriaGonzalo\system\View\View.php(213): CodeIgniter\View\View->CodeIgniter\View\{closure}()
#1 C:\xampp\htdocs\SudriaGonzalo\system\Common.php(1089): CodeIgniter\View\View->render('mains/prueba', Array, true)
#2 C:\xampp\htdocs\SudriaGonzalo\app\Controllers\Home.php(157): view('mains/prueba', Array)
#3 C:\xampp\htdocs\SudriaGonzalo\system\CodeIgniter.php(832): App\Controllers\Home->prueba()
#4 C:\xampp\htdocs\SudriaGonzalo\system\CodeIgniter.php(419): CodeIgniter\CodeIgniter->runController(Object(App\Controllers\Home))
#5 C:\xampp\htdocs\SudriaGonzalo\system\CodeIgniter.php(326): CodeIgniter\CodeIgniter->handleRequest(NULL, Object(Config\Cache), false)
#6 C:\xampp\htdocs\SudriaGonzalo\public\index.php(37): CodeIgniter\CodeIgniter->run()
#7 {main}
CRITICAL - 2022-06-15 14:47:38 --> array_replace(): Expected parameter 1 to be an array, int given
#0 [internal function]: CodeIgniter\Debug\Exceptions->errorHandler(2, 'array_replace()...', 'C:\\xampp\\htdocs...', 162, Array)
#1 C:\xampp\htdocs\SudriaGonzalo\app\Controllers\UsuarioController.php(162): array_replace(5, Array)
#2 C:\xampp\htdocs\SudriaGonzalo\system\CodeIgniter.php(832): App\Controllers\UsuarioController->agregar_pcarrito('8')
#3 C:\xampp\htdocs\SudriaGonzalo\system\CodeIgniter.php(419): CodeIgniter\CodeIgniter->runController(Object(App\Controllers\UsuarioController))
#4 C:\xampp\htdocs\SudriaGonzalo\system\CodeIgniter.php(326): CodeIgniter\CodeIgniter->handleRequest(NULL, Object(Config\Cache), false)
#5 C:\xampp\htdocs\SudriaGonzalo\public\index.php(37): CodeIgniter\CodeIgniter->run()
#6 {main}
CRITICAL - 2022-06-15 14:47:53 --> array_replace(): Expected parameter 1 to be an array, int given
#0 [internal function]: CodeIgniter\Debug\Exceptions->errorHandler(2, 'array_replace()...', 'C:\\xampp\\htdocs...', 162, Array)
#1 C:\xampp\htdocs\SudriaGonzalo\app\Controllers\UsuarioController.php(162): array_replace(5, Array)
#2 C:\xampp\htdocs\SudriaGonzalo\system\CodeIgniter.php(832): App\Controllers\UsuarioController->agregar_pcarrito('8')
#3 C:\xampp\htdocs\SudriaGonzalo\system\CodeIgniter.php(419): CodeIgniter\CodeIgniter->runController(Object(App\Controllers\UsuarioController))
#4 C:\xampp\htdocs\SudriaGonzalo\system\CodeIgniter.php(326): CodeIgniter\CodeIgniter->handleRequest(NULL, Object(Config\Cache), false)
#5 C:\xampp\htdocs\SudriaGonzalo\public\index.php(37): CodeIgniter\CodeIgniter->run()
#6 {main}
CRITICAL - 2022-06-15 14:47:59 --> array_replace(): Expected parameter 1 to be an array, int given
#0 [internal function]: CodeIgniter\Debug\Exceptions->errorHandler(2, 'array_replace()...', 'C:\\xampp\\htdocs...', 162, Array)
#1 C:\xampp\htdocs\SudriaGonzalo\app\Controllers\UsuarioController.php(162): array_replace(5, Array)
#2 C:\xampp\htdocs\SudriaGonzalo\system\CodeIgniter.php(832): App\Controllers\UsuarioController->agregar_pcarrito('8')
#3 C:\xampp\htdocs\SudriaGonzalo\system\CodeIgniter.php(419): CodeIgniter\CodeIgniter->runController(Object(App\Controllers\UsuarioController))
#4 C:\xampp\htdocs\SudriaGonzalo\system\CodeIgniter.php(326): CodeIgniter\CodeIgniter->handleRequest(NULL, Object(Config\Cache), false)
#5 C:\xampp\htdocs\SudriaGonzalo\public\index.php(37): CodeIgniter\CodeIgniter->run()
#6 {main}
CRITICAL - 2022-06-15 14:48:14 --> array_replace(): Expected parameter 1 to be an array, int given
#0 [internal function]: CodeIgniter\Debug\Exceptions->errorHandler(2, 'array_replace()...', 'C:\\xampp\\htdocs...', 162, Array)
#1 C:\xampp\htdocs\SudriaGonzalo\app\Controllers\UsuarioController.php(162): array_replace(5, Array)
#2 C:\xampp\htdocs\SudriaGonzalo\system\CodeIgniter.php(832): App\Controllers\UsuarioController->agregar_pcarrito('8')
#3 C:\xampp\htdocs\SudriaGonzalo\system\CodeIgniter.php(419): CodeIgniter\CodeIgniter->runController(Object(App\Controllers\UsuarioController))
#4 C:\xampp\htdocs\SudriaGonzalo\system\CodeIgniter.php(326): CodeIgniter\CodeIgniter->handleRequest(NULL, Object(Config\Cache), false)
#5 C:\xampp\htdocs\SudriaGonzalo\public\index.php(37): CodeIgniter\CodeIgniter->run()
#6 {main}
CRITICAL - 2022-06-15 14:48:59 --> array_replace(): Expected parameter 1 to be an array, int given
#0 [internal function]: CodeIgniter\Debug\Exceptions->errorHandler(2, 'array_replace()...', 'C:\\xampp\\htdocs...', 162, Array)
#1 C:\xampp\htdocs\SudriaGonzalo\app\Controllers\UsuarioController.php(162): array_replace(5, Array)
#2 C:\xampp\htdocs\SudriaGonzalo\system\CodeIgniter.php(832): App\Controllers\UsuarioController->agregar_pcarrito('8')
#3 C:\xampp\htdocs\SudriaGonzalo\system\CodeIgniter.php(419): CodeIgniter\CodeIgniter->runController(Object(App\Controllers\UsuarioController))
#4 C:\xampp\htdocs\SudriaGonzalo\system\CodeIgniter.php(326): CodeIgniter\CodeIgniter->handleRequest(NULL, Object(Config\Cache), false)
#5 C:\xampp\htdocs\SudriaGonzalo\public\index.php(37): CodeIgniter\CodeIgniter->run()
#6 {main}
CRITICAL - 2022-06-15 14:49:42 --> array_replace(): Expected parameter 1 to be an array, int given
#0 [internal function]: CodeIgniter\Debug\Exceptions->errorHandler(2, 'array_replace()...', 'C:\\xampp\\htdocs...', 165, Array)
#1 C:\xampp\htdocs\SudriaGonzalo\app\Controllers\UsuarioController.php(165): array_replace(5, Array)
#2 C:\xampp\htdocs\SudriaGonzalo\system\CodeIgniter.php(832): App\Controllers\UsuarioController->agregar_pcarrito('8')
#3 C:\xampp\htdocs\SudriaGonzalo\system\CodeIgniter.php(419): CodeIgniter\CodeIgniter->runController(Object(App\Controllers\UsuarioController))
#4 C:\xampp\htdocs\SudriaGonzalo\system\CodeIgniter.php(326): CodeIgniter\CodeIgniter->handleRequest(NULL, Object(Config\Cache), false)
#5 C:\xampp\htdocs\SudriaGonzalo\public\index.php(37): CodeIgniter\CodeIgniter->run()
#6 {main}
CRITICAL - 2022-06-15 14:49:49 --> array_replace(): Expected parameter 1 to be an array, int given
#0 [internal function]: CodeIgniter\Debug\Exceptions->errorHandler(2, 'array_replace()...', 'C:\\xampp\\htdocs...', 164, Array)
#1 C:\xampp\htdocs\SudriaGonzalo\app\Controllers\UsuarioController.php(164): array_replace(5, Array)
#2 C:\xampp\htdocs\SudriaGonzalo\system\CodeIgniter.php(832): App\Controllers\UsuarioController->agregar_pcarrito('8')
#3 C:\xampp\htdocs\SudriaGonzalo\system\CodeIgniter.php(419): CodeIgniter\CodeIgniter->runController(Object(App\Controllers\UsuarioController))
#4 C:\xampp\htdocs\SudriaGonzalo\system\CodeIgniter.php(326): CodeIgniter\CodeIgniter->handleRequest(NULL, Object(Config\Cache), false)
#5 C:\xampp\htdocs\SudriaGonzalo\public\index.php(37): CodeIgniter\CodeIgniter->run()
#6 {main}
CRITICAL - 2022-06-15 14:50:37 --> array_replace(): Expected parameter 1 to be an array, int given
#0 [internal function]: CodeIgniter\Debug\Exceptions->errorHandler(2, 'array_replace()...', 'C:\\xampp\\htdocs...', 164, Array)
#1 C:\xampp\htdocs\SudriaGonzalo\app\Controllers\UsuarioController.php(164): array_replace(5, Array)
#2 C:\xampp\htdocs\SudriaGonzalo\system\CodeIgniter.php(832): App\Controllers\UsuarioController->agregar_pcarrito('8')
#3 C:\xampp\htdocs\SudriaGonzalo\system\CodeIgniter.php(419): CodeIgniter\CodeIgniter->runController(Object(App\Controllers\UsuarioController))
#4 C:\xampp\htdocs\SudriaGonzalo\system\CodeIgniter.php(326): CodeIgniter\CodeIgniter->handleRequest(NULL, Object(Config\Cache), false)
#5 C:\xampp\htdocs\SudriaGonzalo\public\index.php(37): CodeIgniter\CodeIgniter->run()
#6 {main}
CRITICAL - 2022-06-15 15:06:08 --> syntax error, unexpected '?>'
#0 C:\xampp\htdocs\SudriaGonzalo\system\View\View.php(213): CodeIgniter\View\View->CodeIgniter\View\{closure}()
#1 C:\xampp\htdocs\SudriaGonzalo\system\Common.php(1089): CodeIgniter\View\View->render('mains/prueba', Array, true)
#2 C:\xampp\htdocs\SudriaGonzalo\app\Controllers\Home.php(157): view('mains/prueba', Array)
#3 C:\xampp\htdocs\SudriaGonzalo\system\CodeIgniter.php(832): App\Controllers\Home->prueba()
#4 C:\xampp\htdocs\SudriaGonzalo\system\CodeIgniter.php(419): CodeIgniter\CodeIgniter->runController(Object(App\Controllers\Home))
#5 C:\xampp\htdocs\SudriaGonzalo\system\CodeIgniter.php(326): CodeIgniter\CodeIgniter->handleRequest(NULL, Object(Config\Cache), false)
#6 C:\xampp\htdocs\SudriaGonzalo\public\index.php(37): CodeIgniter\CodeIgniter->run()
#7 {main}
CRITICAL - 2022-06-15 15:06:21 --> A non-numeric value encountered
#0 C:\xampp\htdocs\SudriaGonzalo\app\Views\mains\prueba.php(150): CodeIgniter\Debug\Exceptions->errorHandler(2, 'A non-numeric v...', 'C:\\xampp\\htdocs...', 150, Array)
#1 C:\xampp\htdocs\SudriaGonzalo\system\View\View.php(210): include('C:\\xampp\\htdocs...')
#2 C:\xampp\htdocs\SudriaGonzalo\system\View\View.php(213): CodeIgniter\View\View->CodeIgniter\View\{closure}()
#3 C:\xampp\htdocs\SudriaGonzalo\system\Common.php(1089): CodeIgniter\View\View->render('mains/prueba', Array, true)
#4 C:\xampp\htdocs\SudriaGonzalo\app\Controllers\Home.php(157): view('mains/prueba', Array)
#5 C:\xampp\htdocs\SudriaGonzalo\system\CodeIgniter.php(832): App\Controllers\Home->prueba()
#6 C:\xampp\htdocs\SudriaGonzalo\system\CodeIgniter.php(419): CodeIgniter\CodeIgniter->runController(Object(App\Controllers\Home))
#7 C:\xampp\htdocs\SudriaGonzalo\system\CodeIgniter.php(326): CodeIgniter\CodeIgniter->handleRequest(NULL, Object(Config\Cache), false)
#8 C:\xampp\htdocs\SudriaGonzalo\public\index.php(37): CodeIgniter\CodeIgniter->run()
#9 {main}
