CRITICAL - 2022-06-08 09:11:40 --> Invalid file: mains/editar_producto.php
#0 C:\xampp\htdocs\SudriaGonzalo\system\View\View.php(198): CodeIgniter\Exceptions\FrameworkException::forInvalidFile('mains/editar_pr...')
#1 C:\xampp\htdocs\SudriaGonzalo\system\Common.php(1089): CodeIgniter\View\View->render('mains/editar_pr...', Array, true)
#2 C:\xampp\htdocs\SudriaGonzalo\app\Controllers\Home.php(87): view('mains/editar_pr...', Array)
#3 C:\xampp\htdocs\SudriaGonzalo\system\CodeIgniter.php(832): App\Controllers\Home->editar_producto('12')
#4 C:\xampp\htdocs\SudriaGonzalo\system\CodeIgniter.php(419): CodeIgniter\CodeIgniter->runController(Object(App\Controllers\Home))
#5 C:\xampp\htdocs\SudriaGonzalo\system\CodeIgniter.php(326): CodeIgniter\CodeIgniter->handleRequest(NULL, Object(Config\Cache), false)
#6 C:\xampp\htdocs\SudriaGonzalo\public\index.php(37): CodeIgniter\CodeIgniter->run()
#7 {main}
CRITICAL - 2022-06-08 09:51:24 --> Undefined variable: producto
#0 C:\xampp\htdocs\SudriaGonzalo\app\Views\mains\editar_producto.php(55): CodeIgniter\Debug\Exceptions->errorHandler(8, 'Undefined varia...', 'C:\\xampp\\htdocs...', 55, Array)
#1 C:\xampp\htdocs\SudriaGonzalo\system\View\View.php(210): include('C:\\xampp\\htdocs...')
#2 C:\xampp\htdocs\SudriaGonzalo\system\View\View.php(213): CodeIgniter\View\View->CodeIgniter\View\{closure}()
#3 C:\xampp\htdocs\SudriaGonzalo\system\Common.php(1089): CodeIgniter\View\View->render('mains/editar_pr...', Array, true)
#4 C:\xampp\htdocs\SudriaGonzalo\app\Controllers\Home.php(87): view('mains/editar_pr...', Array)
#5 C:\xampp\htdocs\SudriaGonzalo\system\CodeIgniter.php(832): App\Controllers\Home->editar_producto('8')
#6 C:\xampp\htdocs\SudriaGonzalo\system\CodeIgniter.php(419): CodeIgniter\CodeIgniter->runController(Object(App\Controllers\Home))
#7 C:\xampp\htdocs\SudriaGonzalo\system\CodeIgniter.php(326): CodeIgniter\CodeIgniter->handleRequest(NULL, Object(Config\Cache), false)
#8 C:\xampp\htdocs\SudriaGonzalo\public\index.php(37): CodeIgniter\CodeIgniter->run()
#9 {main}
CRITICAL - 2022-06-08 10:34:16 --> file_get_contents(/img/productos/cac.jpg): failed to open stream: No such file or directory
#0 [internal function]: CodeIgniter\Debug\Exceptions->errorHandler(2, 'file_get_conten...', 'C:\\xampp\\htdocs...', 69, Array)
#1 C:\xampp\htdocs\SudriaGonzalo\app\Views\mains\editar_producto.php(69): file_get_contents('/img/productos/...')
#2 C:\xampp\htdocs\SudriaGonzalo\system\View\View.php(210): include('C:\\xampp\\htdocs...')
#3 C:\xampp\htdocs\SudriaGonzalo\system\View\View.php(213): CodeIgniter\View\View->CodeIgniter\View\{closure}()
#4 C:\xampp\htdocs\SudriaGonzalo\system\Common.php(1089): CodeIgniter\View\View->render('mains/editar_pr...', Array, true)
#5 C:\xampp\htdocs\SudriaGonzalo\app\Controllers\Home.php(87): view('mains/editar_pr...', Array)
#6 C:\xampp\htdocs\SudriaGonzalo\system\CodeIgniter.php(832): App\Controllers\Home->editar_producto('8')
#7 C:\xampp\htdocs\SudriaGonzalo\system\CodeIgniter.php(419): CodeIgniter\CodeIgniter->runController(Object(App\Controllers\Home))
#8 C:\xampp\htdocs\SudriaGonzalo\system\CodeIgniter.php(326): CodeIgniter\CodeIgniter->handleRequest(NULL, Object(Config\Cache), false)
#9 C:\xampp\htdocs\SudriaGonzalo\public\index.php(37): CodeIgniter\CodeIgniter->run()
#10 {main}
CRITICAL - 2022-06-08 10:34:37 --> file_get_contents(/img/productos/cac.jpg): failed to open stream: No such file or directory
#0 [internal function]: CodeIgniter\Debug\Exceptions->errorHandler(2, 'file_get_conten...', 'C:\\xampp\\htdocs...', 69, Array)
#1 C:\xampp\htdocs\SudriaGonzalo\app\Views\mains\editar_producto.php(69): file_get_contents('/img/productos/...')
#2 C:\xampp\htdocs\SudriaGonzalo\system\View\View.php(210): include('C:\\xampp\\htdocs...')
#3 C:\xampp\htdocs\SudriaGonzalo\system\View\View.php(213): CodeIgniter\View\View->CodeIgniter\View\{closure}()
#4 C:\xampp\htdocs\SudriaGonzalo\system\Common.php(1089): CodeIgniter\View\View->render('mains/editar_pr...', Array, true)
#5 C:\xampp\htdocs\SudriaGonzalo\app\Controllers\Home.php(87): view('mains/editar_pr...', Array)
#6 C:\xampp\htdocs\SudriaGonzalo\system\CodeIgniter.php(832): App\Controllers\Home->editar_producto('8')
#7 C:\xampp\htdocs\SudriaGonzalo\system\CodeIgniter.php(419): CodeIgniter\CodeIgniter->runController(Object(App\Controllers\Home))
#8 C:\xampp\htdocs\SudriaGonzalo\system\CodeIgniter.php(326): CodeIgniter\CodeIgniter->handleRequest(NULL, Object(Config\Cache), false)
#9 C:\xampp\htdocs\SudriaGonzalo\public\index.php(37): CodeIgniter\CodeIgniter->run()
#10 {main}
CRITICAL - 2022-06-08 10:47:37 --> preg_match(): Compilation failed: unmatched closing parenthesis at offset 29
#0 [internal function]: CodeIgniter\Debug\Exceptions->errorHandler(2, 'preg_match(): C...', 'C:\\xampp\\htdocs...', 384, Array)
#1 C:\xampp\htdocs\SudriaGonzalo\system\Router\Router.php(384): preg_match('#^sudriagonzalo...', 'sudriagonzalo/p...', Array)
#2 C:\xampp\htdocs\SudriaGonzalo\system\Router\Router.php(154): CodeIgniter\Router\Router->checkRoutes('sudriagonzalo/p...')
#3 C:\xampp\htdocs\SudriaGonzalo\system\CodeIgniter.php(726): CodeIgniter\Router\Router->handle('sudriagonzalo/p...')
#4 C:\xampp\htdocs\SudriaGonzalo\system\CodeIgniter.php(368): CodeIgniter\CodeIgniter->tryToRouteIt(Object(CodeIgniter\Router\RouteCollection))
#5 C:\xampp\htdocs\SudriaGonzalo\system\CodeIgniter.php(326): CodeIgniter\CodeIgniter->handleRequest(NULL, Object(Config\Cache), false)
#6 C:\xampp\htdocs\SudriaGonzalo\public\index.php(37): CodeIgniter\CodeIgniter->run()
#7 {main}
CRITICAL - 2022-06-08 10:47:52 --> preg_match(): Compilation failed: unmatched closing parenthesis at offset 29
#0 [internal function]: CodeIgniter\Debug\Exceptions->errorHandler(2, 'preg_match(): C...', 'C:\\xampp\\htdocs...', 384, Array)
#1 C:\xampp\htdocs\SudriaGonzalo\system\Router\Router.php(384): preg_match('#^sudriagonzalo...', 'sudriagonzalo/p...', Array)
#2 C:\xampp\htdocs\SudriaGonzalo\system\Router\Router.php(154): CodeIgniter\Router\Router->checkRoutes('sudriagonzalo/p...')
#3 C:\xampp\htdocs\SudriaGonzalo\system\CodeIgniter.php(726): CodeIgniter\Router\Router->handle('sudriagonzalo/p...')
#4 C:\xampp\htdocs\SudriaGonzalo\system\CodeIgniter.php(368): CodeIgniter\CodeIgniter->tryToRouteIt(Object(CodeIgniter\Router\RouteCollection))
#5 C:\xampp\htdocs\SudriaGonzalo\system\CodeIgniter.php(326): CodeIgniter\CodeIgniter->handleRequest(NULL, Object(Config\Cache), false)
#6 C:\xampp\htdocs\SudriaGonzalo\public\index.php(37): CodeIgniter\CodeIgniter->run()
#7 {main}
CRITICAL - 2022-06-08 10:48:05 --> preg_match(): Compilation failed: unmatched closing parenthesis at offset 28
#0 [internal function]: CodeIgniter\Debug\Exceptions->errorHandler(2, 'preg_match(): C...', 'C:\\xampp\\htdocs...', 384, Array)
#1 C:\xampp\htdocs\SudriaGonzalo\system\Router\Router.php(384): preg_match('#^sudriagonzalo...', 'sudriagonzalo/p...', Array)
#2 C:\xampp\htdocs\SudriaGonzalo\system\Router\Router.php(154): CodeIgniter\Router\Router->checkRoutes('sudriagonzalo/p...')
#3 C:\xampp\htdocs\SudriaGonzalo\system\CodeIgniter.php(726): CodeIgniter\Router\Router->handle('sudriagonzalo/p...')
#4 C:\xampp\htdocs\SudriaGonzalo\system\CodeIgniter.php(368): CodeIgniter\CodeIgniter->tryToRouteIt(Object(CodeIgniter\Router\RouteCollection))
#5 C:\xampp\htdocs\SudriaGonzalo\system\CodeIgniter.php(326): CodeIgniter\CodeIgniter->handleRequest(NULL, Object(Config\Cache), false)
#6 C:\xampp\htdocs\SudriaGonzalo\public\index.php(37): CodeIgniter\CodeIgniter->run()
#7 {main}
CRITICAL - 2022-06-08 10:48:17 --> preg_match(): Compilation failed: unmatched closing parenthesis at offset 28
#0 [internal function]: CodeIgniter\Debug\Exceptions->errorHandler(2, 'preg_match(): C...', 'C:\\xampp\\htdocs...', 384, Array)
#1 C:\xampp\htdocs\SudriaGonzalo\system\Router\Router.php(384): preg_match('#^sudriagonzalo...', 'sudriagonzalo/p...', Array)
#2 C:\xampp\htdocs\SudriaGonzalo\system\Router\Router.php(154): CodeIgniter\Router\Router->checkRoutes('sudriagonzalo/p...')
#3 C:\xampp\htdocs\SudriaGonzalo\system\CodeIgniter.php(726): CodeIgniter\Router\Router->handle('sudriagonzalo/p...')
#4 C:\xampp\htdocs\SudriaGonzalo\system\CodeIgniter.php(368): CodeIgniter\CodeIgniter->tryToRouteIt(Object(CodeIgniter\Router\RouteCollection))
#5 C:\xampp\htdocs\SudriaGonzalo\system\CodeIgniter.php(326): CodeIgniter\CodeIgniter->handleRequest(NULL, Object(Config\Cache), false)
#6 C:\xampp\htdocs\SudriaGonzalo\public\index.php(37): CodeIgniter\CodeIgniter->run()
#7 {main}
CRITICAL - 2022-06-08 10:48:18 --> preg_match(): Compilation failed: unmatched closing parenthesis at offset 28
#0 [internal function]: CodeIgniter\Debug\Exceptions->errorHandler(2, 'preg_match(): C...', 'C:\\xampp\\htdocs...', 384, Array)
#1 C:\xampp\htdocs\SudriaGonzalo\system\Router\Router.php(384): preg_match('#^sudriagonzalo...', 'sudriagonzalo/p...', Array)
#2 C:\xampp\htdocs\SudriaGonzalo\system\Router\Router.php(154): CodeIgniter\Router\Router->checkRoutes('sudriagonzalo/p...')
#3 C:\xampp\htdocs\SudriaGonzalo\system\CodeIgniter.php(726): CodeIgniter\Router\Router->handle('sudriagonzalo/p...')
#4 C:\xampp\htdocs\SudriaGonzalo\system\CodeIgniter.php(368): CodeIgniter\CodeIgniter->tryToRouteIt(Object(CodeIgniter\Router\RouteCollection))
#5 C:\xampp\htdocs\SudriaGonzalo\system\CodeIgniter.php(326): CodeIgniter\CodeIgniter->handleRequest(NULL, Object(Config\Cache), false)
#6 C:\xampp\htdocs\SudriaGonzalo\public\index.php(37): CodeIgniter\CodeIgniter->run()
#7 {main}
CRITICAL - 2022-06-08 10:48:35 --> preg_match(): Compilation failed: unmatched closing parenthesis at offset 28
#0 [internal function]: CodeIgniter\Debug\Exceptions->errorHandler(2, 'preg_match(): C...', 'C:\\xampp\\htdocs...', 384, Array)
#1 C:\xampp\htdocs\SudriaGonzalo\system\Router\Router.php(384): preg_match('#^sudriagonzalo...', 'sudriagonzalo/p...', Array)
#2 C:\xampp\htdocs\SudriaGonzalo\system\Router\Router.php(154): CodeIgniter\Router\Router->checkRoutes('sudriagonzalo/p...')
#3 C:\xampp\htdocs\SudriaGonzalo\system\CodeIgniter.php(726): CodeIgniter\Router\Router->handle('sudriagonzalo/p...')
#4 C:\xampp\htdocs\SudriaGonzalo\system\CodeIgniter.php(368): CodeIgniter\CodeIgniter->tryToRouteIt(Object(CodeIgniter\Router\RouteCollection))
#5 C:\xampp\htdocs\SudriaGonzalo\system\CodeIgniter.php(326): CodeIgniter\CodeIgniter->handleRequest(NULL, Object(Config\Cache), false)
#6 C:\xampp\htdocs\SudriaGonzalo\public\index.php(37): CodeIgniter\CodeIgniter->run()
#7 {main}
CRITICAL - 2022-06-08 10:48:38 --> preg_match(): Compilation failed: unmatched closing parenthesis at offset 28
#0 [internal function]: CodeIgniter\Debug\Exceptions->errorHandler(2, 'preg_match(): C...', 'C:\\xampp\\htdocs...', 384, Array)
#1 C:\xampp\htdocs\SudriaGonzalo\system\Router\Router.php(384): preg_match('#^sudriagonzalo...', 'sudriagonzalo/p...', Array)
#2 C:\xampp\htdocs\SudriaGonzalo\system\Router\Router.php(154): CodeIgniter\Router\Router->checkRoutes('sudriagonzalo/p...')
#3 C:\xampp\htdocs\SudriaGonzalo\system\CodeIgniter.php(726): CodeIgniter\Router\Router->handle('sudriagonzalo/p...')
#4 C:\xampp\htdocs\SudriaGonzalo\system\CodeIgniter.php(368): CodeIgniter\CodeIgniter->tryToRouteIt(Object(CodeIgniter\Router\RouteCollection))
#5 C:\xampp\htdocs\SudriaGonzalo\system\CodeIgniter.php(326): CodeIgniter\CodeIgniter->handleRequest(NULL, Object(Config\Cache), false)
#6 C:\xampp\htdocs\SudriaGonzalo\public\index.php(37): CodeIgniter\CodeIgniter->run()
#7 {main}
CRITICAL - 2022-06-08 10:48:54 --> preg_match(): Compilation failed: unmatched closing parenthesis at offset 28
#0 [internal function]: CodeIgniter\Debug\Exceptions->errorHandler(2, 'preg_match(): C...', 'C:\\xampp\\htdocs...', 384, Array)
#1 C:\xampp\htdocs\SudriaGonzalo\system\Router\Router.php(384): preg_match('#^sudriagonzalo...', 'sudriagonzalo/p...', Array)
#2 C:\xampp\htdocs\SudriaGonzalo\system\Router\Router.php(154): CodeIgniter\Router\Router->checkRoutes('sudriagonzalo/p...')
#3 C:\xampp\htdocs\SudriaGonzalo\system\CodeIgniter.php(726): CodeIgniter\Router\Router->handle('sudriagonzalo/p...')
#4 C:\xampp\htdocs\SudriaGonzalo\system\CodeIgniter.php(368): CodeIgniter\CodeIgniter->tryToRouteIt(Object(CodeIgniter\Router\RouteCollection))
#5 C:\xampp\htdocs\SudriaGonzalo\system\CodeIgniter.php(326): CodeIgniter\CodeIgniter->handleRequest(NULL, Object(Config\Cache), false)
#6 C:\xampp\htdocs\SudriaGonzalo\public\index.php(37): CodeIgniter\CodeIgniter->run()
#7 {main}
CRITICAL - 2022-06-08 10:51:47 --> Undefined variable: id
#0 C:\xampp\htdocs\SudriaGonzalo\app\Controllers\Home.php(93): CodeIgniter\Debug\Exceptions->errorHandler(8, 'Undefined varia...', 'C:\\xampp\\htdocs...', 93, Array)
#1 C:\xampp\htdocs\SudriaGonzalo\system\CodeIgniter.php(832): App\Controllers\Home->prueba()
#2 C:\xampp\htdocs\SudriaGonzalo\system\CodeIgniter.php(419): CodeIgniter\CodeIgniter->runController(Object(App\Controllers\Home))
#3 C:\xampp\htdocs\SudriaGonzalo\system\CodeIgniter.php(326): CodeIgniter\CodeIgniter->handleRequest(NULL, Object(Config\Cache), false)
#4 C:\xampp\htdocs\SudriaGonzalo\public\index.php(37): CodeIgniter\CodeIgniter->run()
#5 {main}
CRITICAL - 2022-06-08 11:46:13 --> Undefined variable: totalTime
#0 C:\xampp\htdocs\SudriaGonzalo\system\Debug\Toolbar\Views\toolbar.tpl.php(40): CodeIgniter\Debug\Exceptions->errorHandler(8, 'Undefined varia...', 'C:\\xampp\\htdocs...', 40, Array)
#1 C:\xampp\htdocs\SudriaGonzalo\system\Debug\Toolbar.php(501): include('C:\\xampp\\htdocs...')
#2 C:\xampp\htdocs\SudriaGonzalo\system\Debug\Toolbar.php(464): CodeIgniter\Debug\Toolbar->format(Array, 'html')
#3 C:\xampp\htdocs\SudriaGonzalo\app\Config\Events.php(48): CodeIgniter\Debug\Toolbar->respond()
#4 C:\xampp\htdocs\SudriaGonzalo\system\Events\Events.php(149): CodeIgniter\Events\Events::Config\{closure}()
#5 C:\xampp\htdocs\SudriaGonzalo\system\CodeIgniter.php(308): CodeIgniter\Events\Events::trigger('pre_system')
#6 C:\xampp\htdocs\SudriaGonzalo\public\index.php(37): CodeIgniter\CodeIgniter->run()
#7 {main}
